Arguments: 
  /usr/local/Cellar/node/11.13.0/bin/node /usr/local/Cellar/yarn/1.15.2/libexec/bin/yarn.js start

PATH: 
  /var/folders/sw/348dw9px5nj7tlr755dbxg_r0000gn/T/yarn--1576099482180-0.49890489082257994:/Users/jrp338c/react-projects/simple-weather-app/node_modules/.bin:/Users/jrp338c/.config/yarn/link/node_modules/.bin:/usr/local/Cellar/node/11.13.0/libexec/lib/node_modules/npm/bin/node-gyp-bin:/usr/local/Cellar/node/11.13.0/lib/node_modules/npm/bin/node-gyp-bin:/usr/local/Cellar/node/11.13.0/bin/node_modules/npm/bin/node-gyp-bin:/var/folders/sw/348dw9px5nj7tlr755dbxg_r0000gn/T/yarn--1576099481899-0.6665903184594211:/Users/jrp338c/react-projects/simple-weather-app/node_modules/.bin:/Users/jrp338c/.config/yarn/link/node_modules/.bin:/usr/local/Cellar/node/11.13.0/libexec/lib/node_modules/npm/bin/node-gyp-bin:/usr/local/Cellar/node/11.13.0/lib/node_modules/npm/bin/node-gyp-bin:/usr/local/Cellar/node/11.13.0/bin/node_modules/npm/bin/node-gyp-bin:/Users/jrp338c/google-cloud-sdk/bin:/Library/Frameworks/Python.framework/Versions/3.6/bin:/Library/Frameworks/Python.framework/Versions/3.7/bin:/usr/local/bin:/usr/bin:/bin:/usr/sbin:/sbin:/Users/jrp338c/react-projects/simple-weather-app/node_modules/.bin:/Users/jrp338c/.config/.myprice/scripts

Yarn version: 
  1.15.2

Node version: 
  11.13.0

Platform: 
  darwin x64

Trace: 
  TypeError: Cannot create property '-thd-svr-proxy-qa-homedepot-com-7070' on string '{"-thd-svr-proxy-qa-homedepot-com-7070":true}'
      at set (/usr/local/Cellar/yarn/1.15.2/libexec/lib/cli.js:71056:28)
      at set (/usr/local/Cellar/yarn/1.15.2/libexec/lib/cli.js:71070:14)
      at set (/usr/local/Cellar/yarn/1.15.2/libexec/lib/cli.js:71050:16)
      at Function.objectPath.set (/usr/local/Cellar/yarn/1.15.2/libexec/lib/cli.js:71103:14)
      at NpmRegistry.mergeEnv (/usr/local/Cellar/yarn/1.15.2/libexec/lib/cli.js:95281:18)
      at NpmRegistry.<anonymous> (/usr/local/Cellar/yarn/1.15.2/libexec/lib/cli.js:31805:12)
      at Generator.next (<anonymous>)
      at step (/usr/local/Cellar/yarn/1.15.2/libexec/lib/cli.js:304:30)
      at /usr/local/Cellar/yarn/1.15.2/libexec/lib/cli.js:322:14
      at new Promise (<anonymous>)

npm manifest: 
  {
    "name": "simple-weather-app",
    "version": "1.0.0",
    "description": "A simple weather forecast application that utilizes the public open API to display the weather info for a given location.",
    "main": "index.js",
    "author": "Jithender Reddy P",
    "license": "MIT",
    "scripts": {
      "start": "yarn start"
    },
    "dependencies": {
      "react": "^16.12.0",
      "react-dom": "^16.12.0"
    }
  }

yarn manifest: 
  No manifest

Lockfile: 
  # THIS IS AN AUTOGENERATED FILE. DO NOT EDIT THIS FILE DIRECTLY.
  # yarn lockfile v1
  
  
  "js-tokens@^3.0.0 || ^4.0.0":
    version "4.0.0"
    resolved "https://npm.artifactory.homedepot.com/artifactory/api/npm/npm/js-tokens/-/js-tokens-4.0.0.tgz#19203fb59991df98e3a287050d4647cdeaf32499"
    integrity sha1-GSA/tZmR35jjoocFDUZHzerzJJk=
  
  loose-envify@^1.1.0, loose-envify@^1.4.0:
    version "1.4.0"
    resolved "https://npm.artifactory.homedepot.com/artifactory/api/npm/npm/loose-envify/-/loose-envify-1.4.0.tgz#71ee51fa7be4caec1a63839f7e682d8132d30caf"
    integrity sha1-ce5R+nvkyuwaY4OffmgtgTLTDK8=
    dependencies:
      js-tokens "^3.0.0 || ^4.0.0"
  
  object-assign@^4.1.1:
    version "4.1.1"
    resolved "https://npm.artifactory.homedepot.com/artifactory/api/npm/npm/object-assign/-/object-assign-4.1.1.tgz#2109adc7965887cfc05cbbd442cac8bfbb360863"
    integrity sha1-IQmtx5ZYh8/AXLvUQsrIv7s2CGM=
  
  prop-types@^15.6.2:
    version "15.7.2"
    resolved "https://npm.artifactory.homedepot.com/artifactory/api/npm/npm/prop-types/-/prop-types-15.7.2.tgz#52c41e75b8c87e72b9d9360e0206b99dcbffa6c5"
    integrity sha1-UsQedbjIfnK52TYOAga5ncv/psU=
    dependencies:
      loose-envify "^1.4.0"
      object-assign "^4.1.1"
      react-is "^16.8.1"
  
  react-dom@^16.12.0:
    version "16.12.0"
    resolved "https://npm.artifactory.homedepot.com/artifactory/api/npm/npm/react-dom/-/react-dom-16.12.0.tgz#0da4b714b8d13c2038c9396b54a92baea633fe11"
    integrity sha1-DaS3FLjRPCA4yTlrVKkrrqYz/hE=
    dependencies:
      loose-envify "^1.1.0"
      object-assign "^4.1.1"
      prop-types "^15.6.2"
      scheduler "^0.18.0"
  
  react-is@^16.8.1:
    version "16.12.0"
    resolved "https://npm.artifactory.homedepot.com/artifactory/api/npm/npm/react-is/-/react-is-16.12.0.tgz#2cc0fe0fba742d97fd527c42a13bec4eeb06241c"
    integrity sha1-LMD+D7p0LZf9UnxCoTvsTusGJBw=
  
  react@^16.12.0:
    version "16.12.0"
    resolved "https://npm.artifactory.homedepot.com/artifactory/api/npm/npm/react/-/react-16.12.0.tgz#0c0a9c6a142429e3614834d5a778e18aa78a0b83"
    integrity sha1-DAqcahQkKeNhSDTVp3jhiqeKC4M=
    dependencies:
      loose-envify "^1.1.0"
      object-assign "^4.1.1"
      prop-types "^15.6.2"
  
  scheduler@^0.18.0:
    version "0.18.0"
    resolved "https://npm.artifactory.homedepot.com/artifactory/api/npm/npm/scheduler/-/scheduler-0.18.0.tgz#5901ad6659bc1d8f3fdaf36eb7a67b0d6746b1c4"
    integrity sha1-WQGtZlm8HY8/2vNut6Z7DWdGscQ=
    dependencies:
      loose-envify "^1.1.0"
      object-assign "^4.1.1"
